# JRE version: Java(TM) SE Runtime Environment (8.0_51-b16) (build 1.8.0_51-b16)
# Java VM: Java HotSpot(TM) 64-Bit Server VM (25.51-b03 mixed mode linux-amd64 compressed oops)
Heap:
 PSYoungGen      total 133120K, used 99931K [0x00000000eb600000, 0x00000000f8180000, 0x0000000100000000)
  eden space 125952K, 73% used [0x00000000eb600000,0x00000000f1098c78,0x00000000f3100000)
  from space 7168K, 99% used [0x00000000f3100000,0x00000000f37fdf90,0x00000000f3800000)
  to   space 10240K, 0% used [0x00000000f7780000,0x00000000f7780000,0x00000000f8180000)
 ParOldGen       total 28672K, used 12170K [0x00000000c2200000, 0x00000000c3e00000, 0x00000000eb600000)
  object space 28672K, 42% used [0x00000000c2200000,0x00000000c2de2b00,0x00000000c3e00000)
 Metaspace       used 33064K, capacity 33388K, committed 33712K, reserved 1079296K
  class space    used 4075K, capacity 4192K, committed 4272K, reserved 1048576K
GC Heap History (10 events):
Event: 4,934 GC heap before
{Heap before GC invocations=6 (full 0):
 PSYoungGen      total 34304K, used 34296K [0x00000000eb600000, 0x00000000efd00000, 0x0000000100000000)
  eden space 31744K, 100% used [0x00000000eb600000,0x00000000ed500000,0x00000000ed500000)
  from space 2560K, 99% used [0x00000000ed500000,0x00000000ed77e050,0x00000000ed780000)
  to   space 4608K, 0% used [0x00000000ef880000,0x00000000ef880000,0x00000000efd00000)
 ParOldGen       total 42496K, used 5240K [0x00000000c2200000, 0x00000000c4b80000, 0x00000000eb600000)
  object space 42496K, 12% used [0x00000000c2200000,0x00000000c271e378,0x00000000c4b80000)
 Metaspace       used 14602K, capacity 14754K, committed 14976K, reserved 1062912K
  class space    used 1783K, capacity 1833K, committed 1920K, reserved 1048576K
Event: 4,980 GC heap after
Heap after GC invocations=6 (full 0):
 PSYoungGen      total 67584K, used 4583K [0x00000000eb600000, 0x00000000efe00000, 0x0000000100000000)
  eden space 62976K, 0% used [0x00000000eb600000,0x00000000eb600000,0x00000000ef380000)
  from space 4608K, 99% used [0x00000000ef880000,0x00000000efcf9ce8,0x00000000efd00000)
  to   space 5120K, 0% used [0x00000000ef380000,0x00000000ef380000,0x00000000ef880000)
 ParOldGen       total 42496K, used 5248K [0x00000000c2200000, 0x00000000c4b80000, 0x00000000eb600000)
  object space 42496K, 12% used [0x00000000c2200000,0x00000000c2720378,0x00000000c4b80000)
 Metaspace       used 14602K, capacity 14754K, committed 14976K, reserved 1062912K
  class space    used 1783K, capacity 1833K, committed 1920K, reserved 1048576K
}
Event: 7,707 GC heap before
{Heap before GC invocations=7 (full 0):
 PSYoungGen      total 67584K, used 67559K [0x00000000eb600000, 0x00000000efe00000, 0x0000000100000000)
  eden space 62976K, 100% used [0x00000000eb600000,0x00000000ef380000,0x00000000ef380000)
  from space 4608K, 99% used [0x00000000ef880000,0x00000000efcf9ce8,0x00000000efd00000)
  to   space 5120K, 0% used [0x00000000ef380000,0x00000000ef380000,0x00000000ef880000)
 ParOldGen       total 42496K, used 5248K [0x00000000c2200000, 0x00000000c4b80000, 0x00000000eb600000)
  object space 42496K, 12% used [0x00000000c2200000,0x00000000c2720378,0x00000000c4b80000)
 Metaspace       used 19979K, capacity 20154K, committed 20480K, reserved 1067008K
  class space    used 2419K, capacity 2477K, committed 2560K, reserved 1048576K
Event: 7,780 GC heap after
Heap after GC invocations=7 (full 0):
 PSYoungGen      total 68096K, used 5100K [0x00000000eb600000, 0x00000000f4000000, 0x0000000100000000)
  eden space 62976K, 0% used [0x00000000eb600000,0x00000000eb600000,0x00000000ef380000)
  from space 5120K, 99% used [0x00000000ef380000,0x00000000ef87b2b0,0x00000000ef880000)
  to   space 7680K, 0% used [0x00000000f3880000,0x00000000f3880000,0x00000000f4000000)
 ParOldGen       total 42496K, used 9499K [0x00000000c2200000, 0x00000000c4b80000, 0x00000000eb600000)
  object space 42496K, 22% used [0x00000000c2200000,0x00000000c2b46fa0,0x00000000c4b80000)
 Metaspace       used 19979K, capacity 20154K, committed 20480K, reserved 1067008K
  class space    used 2419K, capacity 2477K, committed 2560K, reserved 1048576K
}
Event: 8,029 GC heap before
{Heap before GC invocations=8 (full 0):
 PSYoungGen      total 68096K, used 8852K [0x00000000eb600000, 0x00000000f4000000, 0x0000000100000000)
  eden space 62976K, 5% used [0x00000000eb600000,0x00000000eb9aa008,0x00000000ef380000)
  from space 5120K, 99% used [0x00000000ef380000,0x00000000ef87b2b0,0x00000000ef880000)
  to   space 7680K, 0% used [0x00000000f3880000,0x00000000f3880000,0x00000000f4000000)
 ParOldGen       total 42496K, used 9499K [0x00000000c2200000, 0x00000000c4b80000, 0x00000000eb600000)
  object space 42496K, 22% used [0x00000000c2200000,0x00000000c2b46fa0,0x00000000c4b80000)
 Metaspace       used 20912K, capacity 21082K, committed 21296K, reserved 1069056K
  class space    used 2519K, capacity 2573K, committed 2608K, reserved 1048576K
Event: 8,071 GC heap after
Heap after GC invocations=8 (full 0):
 PSYoungGen      total 132608K, used 3632K [0x00000000eb600000, 0x00000000f3f00000, 0x0000000100000000)
  eden space 125952K, 0% used [0x00000000eb600000,0x00000000eb600000,0x00000000f3100000)
  from space 6656K, 54% used [0x00000000f3880000,0x00000000f3c0c058,0x00000000f3f00000)
  to   space 7168K, 0% used [0x00000000f3100000,0x00000000f3100000,0x00000000f3800000)
 ParOldGen       total 42496K, used 10211K [0x00000000c2200000, 0x00000000c4b80000, 0x00000000eb600000)
  object space 42496K, 24% used [0x00000000c2200000,0x00000000c2bf8e70,0x00000000c4b80000)
 Metaspace       used 20912K, capacity 21082K, committed 21296K, reserved 1069056K
  class space    used 2519K, capacity 2573K, committed 2608K, reserved 1048576K
}
Event: 8,071 GC heap before
{Heap before GC invocations=9 (full 1):
 PSYoungGen      total 132608K, used 3632K [0x00000000eb600000, 0x00000000f3f00000, 0x0000000100000000)
  eden space 125952K, 0% used [0x00000000eb600000,0x00000000eb600000,0x00000000f3100000)
  from space 6656K, 54% used [0x00000000f3880000,0x00000000f3c0c058,0x00000000f3f00000)
  to   space 7168K, 0% used [0x00000000f3100000,0x00000000f3100000,0x00000000f3800000)
 ParOldGen       total 42496K, used 10211K [0x00000000c2200000, 0x00000000c4b80000, 0x00000000eb600000)
  object space 42496K, 24% used [0x00000000c2200000,0x00000000c2bf8e70,0x00000000c4b80000)
 Metaspace       used 20912K, capacity 21082K, committed 21296K, reserved 1069056K
  class space    used 2519K, capacity 2573K, committed 2608K, reserved 1048576K
Event: 8,158 GC heap after
Heap after GC invocations=9 (full 1):
 PSYoungGen      total 132608K, used 0K [0x00000000eb600000, 0x00000000f3f00000, 0x0000000100000000)
  eden space 125952K, 0% used [0x00000000eb600000,0x00000000eb600000,0x00000000f3100000)
  from space 6656K, 0% used [0x00000000f3880000,0x00000000f3880000,0x00000000f3f00000)
  to   space 7168K, 0% used [0x00000000f3100000,0x00000000f3100000,0x00000000f3800000)
 ParOldGen       total 28672K, used 6680K [0x00000000c2200000, 0x00000000c3e00000, 0x00000000eb600000)
  object space 28672K, 23% used [0x00000000c2200000,0x00000000c2886140,0x00000000c3e00000)
 Metaspace       used 20912K, capacity 21082K, committed 21296K, reserved 1069056K
  class space    used 2519K, capacity 2573K, committed 2608K, reserved 1048576K
}
Event: 12,287 GC heap before
{Heap before GC invocations=10 (full 1):
 PSYoungGen      total 132608K, used 125952K [0x00000000eb600000, 0x00000000f3f00000, 0x0000000100000000)
  eden space 125952K, 100% used [0x00000000eb600000,0x00000000f3100000,0x00000000f3100000)
  from space 6656K, 0% used [0x00000000f3880000,0x00000000f3880000,0x00000000f3f00000)
  to   space 7168K, 0% used [0x00000000f3100000,0x00000000f3100000,0x00000000f3800000)
 ParOldGen       total 28672K, used 6680K [0x00000000c2200000, 0x00000000c3e00000, 0x00000000eb600000)
  object space 28672K, 23% used [0x00000000c2200000,0x00000000c2886140,0x00000000c3e00000)
 Metaspace       used 27755K, capacity 27926K, committed 28336K, reserved 1075200K
  class space    used 3426K, capacity 3463K, committed 3504K, reserved 1048576K
Event: 12,357 GC heap after
Heap after GC invocations=10 (full 1):
 PSYoungGen      total 133120K, used 7159K [0x00000000eb600000, 0x00000000f8180000, 0x0000000100000000)
  eden space 125952K, 0% used [0x00000000eb600000,0x00000000eb600000,0x00000000f3100000)
  from space 7168K, 99% used [0x00000000f3100000,0x00000000f37fdf90,0x00000000f3800000)
  to   space 10240K, 0% used [0x00000000f7780000,0x00000000f7780000,0x00000000f8180000)
 ParOldGen       total 28672K, used 12170K [0x00000000c2200000, 0x00000000c3e00000, 0x00000000eb600000)
  object space 28672K, 42% used [0x00000000c2200000,0x00000000c2de2b00,0x00000000c3e00000)
 Metaspace       used 27755K, capacity 27926K, committed 28336K, reserved 1075200K
  class space    used 3426K, capacity 3463K, committed 3504K, reserved 1048576K
}

